<?xml version="1.0" encoding="UTF-8"?>
<testng-results skipped="0" failed="0" total="1" passed="1">
  <reporter-output>
  </reporter-output>
  <suite name="Suite" duration-ms="14553" started-at="2019-12-05T10:28:48Z" finished-at="2019-12-05T10:29:03Z">
    <groups>
    </groups>
    <test name="Test" duration-ms="14553" started-at="2019-12-05T10:28:48Z" finished-at="2019-12-05T10:29:03Z">
      <class name="org.testcases.TC001_LoginLogout">
        <test-method status="PASS" signature="login(java.lang.String)[pri:0, instance:org.testcases.TC001_LoginLogout@14b1c02]" name="login" is-config="true" duration-ms="12555" started-at="2019-12-05T15:58:48Z" finished-at="2019-12-05T15:59:01Z">
          <params>
            <param index="0">
              <value>
                <![CDATA[http://leaftaps.com/opentaps/control/main]]>
              </value>
            </param>
          </params>
          <reporter-output>
          </reporter-output>
        </test-method> <!-- login -->
        <test-method status="PASS" signature="loginLogout()[pri:0, instance:org.testcases.TC001_LoginLogout@14b1c02]" name="loginLogout" duration-ms="1156" started-at="2019-12-05T15:59:01Z" finished-at="2019-12-05T15:59:02Z">
          <reporter-output>
          </reporter-output>
        </test-method> <!-- loginLogout -->
        <test-method status="PASS" signature="closeBrowser()[pri:0, instance:org.testcases.TC001_LoginLogout@14b1c02]" name="closeBrowser" is-config="true" duration-ms="808" started-at="2019-12-05T15:59:02Z" finished-at="2019-12-05T15:59:03Z">
          <reporter-output>
          </reporter-output>
        </test-method> <!-- closeBrowser -->
      </class> <!-- org.testcases.TC001_LoginLogout -->
    </test> <!-- Test -->
  </suite> <!-- Suite -->
</testng-results>
